INFO:root:Macevalac je napao zmaja sa Mac i skinuo mu 10 helta
INFO:root:Zmajevi helti: 90
INFO:root:Macevalac je napao zmaja sa Mac i skinuo mu 10 helta
INFO:root:Zmajevi helti: 80
INFO:root:Zmaj je napao macevaoca sa Udarac i skinuo mu 5 helta
INFO:root:Macevalac helti: 95
INFO:root:Macevalac je napao zmaja sa Mac i skinuo mu 10 helta
INFO:root:Zmajevi helti: 70
INFO:root:Zmaj je napao macevaoca sa Udarac i skinuo mu 5 helta
INFO:root:Macevalac helti: 90
INFO:root:Zmaj je napao macevaoca sa Udarac i skinuo mu 5 helta
INFO:root:Macevalac helti: 85
INFO:root:Zmaj je napao macevaoca sa Udarac i skinuo mu 5 helta
INFO:root:Macevalac helti: 80
INFO:root:Macevalac je napao zmaja sa Mac i skinuo mu 10 helta
INFO:root:Zmajevi helti: 60
INFO:root:Macevalac je napao zmaja sa Mac i skinuo mu 10 helta
INFO:root:Zmajevi helti: 50
INFO:root:Zmaj je napao macevaoca sa Vatra i skinuo mu 20 helta
INFO:root:Macevalac helti: 60
INFO:root:Macevalac je napao zmaja sa Mac i skinuo mu 10 helta
INFO:root:Zmajevi helti: 40
INFO:root:Zmaj je napao macevaoca sa Vatra i skinuo mu 20 helta
INFO:root:Macevalac helti: 40
INFO:root:Macevalac je napao zmaja sa Mac i skinuo mu 10 helta
INFO:root:Zmajevi helti: 30
INFO:root:Zmaj je napao macevaoca sa Udarac i skinuo mu 5 helta
INFO:root:Macevalac helti: 35
INFO:root:Zmaj je napao macevaoca sa Vatra i skinuo mu 20 helta
INFO:root:Macevalac helti: 15
INFO:root:Macevalac je napao zmaja sa Mac i skinuo mu 10 helta
INFO:root:Zmajevi helti: 20
INFO:root:Zmaj je napao macevaoca sa Udarac i skinuo mu 5 helta
INFO:root:Macevalac helti: 10
INFO:root:Macevalac je napao zmaja sa Mac i skinuo mu 10 helta
INFO:root:Zmajevi helti: 10
INFO:root:Macevalac je napao zmaja sa Mac i skinuo mu 10 helta
INFO:root:Zmajevi helti: 0
INFO:root:Macevalac je pobedio.
INFO:root:Zmaj je napao macevaoca sa Udarac i skinuo mu 5 helta
INFO:root:Macevalac helti: 95
INFO:root:Macevalac je napao zmaja sa Mac i skinuo mu 10 helta
INFO:root:Zmajevi helti: 90
INFO:root:Macevalac je napao zmaja sa Mac i skinuo mu 10 helta
INFO:root:Zmajevi helti: 80
INFO:root:Macevalac je napao zmaja sa Mac i skinuo mu 10 helta
INFO:root:Zmajevi helti: 70
INFO:root:Macevalac je napao zmaja sa Mac i skinuo mu 10 helta
INFO:root:Zmajevi helti: 60
INFO:root:Zmaj je napao macevaoca sa Vatra i skinuo mu 20 helta
INFO:root:Macevalac helti: 75
INFO:root:Zmaj je napao macevaoca sa Vatra i skinuo mu 20 helta
INFO:root:Macevalac helti: 55
INFO:root:Macevalac je napao zmaja sa Mac i skinuo mu 10 helta
INFO:root:Zmajevi helti: 50
INFO:root:Macevalac je napao zmaja sa Mac i skinuo mu 10 helta
INFO:root:Zmajevi helti: 40
INFO:root:Macevalac je napao zmaja sa Mac i skinuo mu 10 helta
INFO:root:Zmajevi helti: 30
INFO:root:Zmaj je napao macevaoca sa Vatra i skinuo mu 20 helta
INFO:root:Macevalac helti: 35
INFO:root:Macevalac je napao zmaja sa Mac i skinuo mu 10 helta
INFO:root:Zmajevi helti: 20
INFO:root:Zmaj je napao macevaoca sa Udarac i skinuo mu 5 helta
INFO:root:Macevalac helti: 30
INFO:root:Macevalac je napao zmaja sa Mac i skinuo mu 10 helta
INFO:root:Zmajevi helti: 10
INFO:root:Macevalac je napao zmaja sa Mac i skinuo mu 10 helta
INFO:root:Zmajevi helti: 0
INFO:root:Macevalac je pobedio.
INFO:root:Zmaj je napao macevaoca sa Udarac i skinuo mu 5 helta
INFO:root:Macevalac helti: 95
INFO:root:Macevalac je napao zmaja sa Mac i skinuo mu 10 helta
INFO:root:Zmajevi helti: 90
INFO:root:Zmaj je napao macevaoca sa Udarac i skinuo mu 5 helta
INFO:root:Macevalac helti: 90
INFO:root:Macevalac je napao zmaja sa Mac i skinuo mu 10 helta
INFO:root:Zmajevi helti: 80
INFO:root:Macevalac je napao zmaja sa Mac i skinuo mu 10 helta
INFO:root:Zmajevi helti: 70
INFO:root:Zmaj je napao macevaoca sa Vatra i skinuo mu 20 helta
INFO:root:Macevalac helti: 70
INFO:root:Macevalac je napao zmaja sa Mac i skinuo mu 10 helta
INFO:root:Zmajevi helti: 60
INFO:root:Macevalac je napao zmaja sa Mac i skinuo mu 10 helta
INFO:root:Zmajevi helti: 50
INFO:root:Zmaj je napao macevaoca sa Vatra i skinuo mu 20 helta
INFO:root:Macevalac helti: 50
INFO:root:Zmaj je napao macevaoca sa Udarac i skinuo mu 5 helta
INFO:root:Macevalac helti: 45
INFO:root:Macevalac je napao zmaja sa Mac i skinuo mu 10 helta
INFO:root:Zmajevi helti: 40
INFO:root:Zmaj je napao macevaoca sa Vatra i skinuo mu 20 helta
INFO:root:Macevalac helti: 25
INFO:root:Zmaj je napao macevaoca sa Udarac i skinuo mu 5 helta
INFO:root:Macevalac helti: 20
INFO:root:Macevalac je napao zmaja sa Mac i skinuo mu 10 helta
INFO:root:Zmajevi helti: 30
INFO:root:Zmaj je napao macevaoca sa Udarac i skinuo mu 5 helta
INFO:root:Macevalac helti: 15
INFO:root:Macevalac je napao zmaja sa Mac i skinuo mu 10 helta
INFO:root:Zmajevi helti: 20
INFO:root:Zmaj je napao macevaoca sa Vatra i skinuo mu 20 helta
INFO:root:Macevalac helti: -5
INFO:root:Zmaj je napao macevaoca sa Udarac i skinuo mu 5 helta
INFO:root:Macevalac helti: -10
INFO:root:Zmaj je napao macevaoca sa Udarac i skinuo mu 5 helta
INFO:root:Macevalac helti: -15
INFO:root:Macevalac je napao zmaja sa Mac i skinuo mu 10 helta
INFO:root:Zmajevi helti: 10
INFO:root:Macevalac je napao zmaja sa Mac i skinuo mu 10 helta
INFO:root:Zmajevi helti: 0
INFO:root:Macevalac je pobedio.
INFO:root:Macevalac je napao zmaja sa Mac i skinuo mu 10 helta
INFO:root:Zmajevi helti: 90
INFO:root:Macevalac je napao zmaja sa Mac i skinuo mu 10 helta
INFO:root:Zmajevi helti: 80
INFO:root:Zmaj je napao macevaoca sa Vatra i skinuo mu 20 helta
INFO:root:Macevalac helti: 80
INFO:root:Zmaj je napao macevaoca sa Vatra i skinuo mu 20 helta
INFO:root:Macevalac helti: 60
INFO:root:Zmaj je napao macevaoca sa Udarac i skinuo mu 5 helta
INFO:root:Macevalac helti: 55
INFO:root:Zmaj je napao macevaoca sa Udarac i skinuo mu 5 helta
INFO:root:Macevalac helti: 50
INFO:root:Zmaj je napao macevaoca sa Vatra i skinuo mu 20 helta
INFO:root:Macevalac helti: 30
INFO:root:Macevalac je napao zmaja sa Mac i skinuo mu 10 helta
INFO:root:Zmajevi helti: 70
INFO:root:Zmaj je napao macevaoca sa Vatra i skinuo mu 20 helta
INFO:root:Macevalac helti: 10
INFO:root:Zmaj je napao macevaoca sa Udarac i skinuo mu 5 helta
INFO:root:Macevalac helti: 5
INFO:root:Macevalac je napao zmaja sa Mac i skinuo mu 10 helta
INFO:root:Zmajevi helti: 60
INFO:root:Macevalac je napao zmaja sa Mac i skinuo mu 10 helta
INFO:root:Zmajevi helti: 50
INFO:root:Macevalac je napao zmaja sa Mac i skinuo mu 10 helta
INFO:root:Zmajevi helti: 40
INFO:root:Macevalac je napao zmaja sa Mac i skinuo mu 10 helta
INFO:root:Zmajevi helti: 30
INFO:root:Zmaj je napao macevaoca sa Udarac i skinuo mu 5 helta
INFO:root:Macevalac helti: 0
INFO:root:Zmaj je pobedio
INFO:root:Macevalac je napao zmaja sa Mac i skinuo mu 10 helta
INFO:root:Zmajevi helti: 90
INFO:root:Macevalac je napao zmaja sa Mac i skinuo mu 10 helta
INFO:root:Zmajevi helti: 80
INFO:root:Zmaj je napao macevaoca sa Udarac i skinuo mu 5 helta
INFO:root:Macevalac helti: 95
INFO:root:Macevalac je napao zmaja sa Mac i skinuo mu 10 helta
INFO:root:Zmajevi helti: 70
INFO:root:Macevalac je napao zmaja sa Mac i skinuo mu 10 helta
INFO:root:Zmajevi helti: 60
INFO:root:Macevalac je napao zmaja sa Mac i skinuo mu 10 helta
INFO:root:Zmajevi helti: 50
INFO:root:Zmaj je napao macevaoca sa Udarac i skinuo mu 5 helta
INFO:root:Macevalac helti: 90
INFO:root:Zmaj je napao macevaoca sa Vatra i skinuo mu 20 helta
INFO:root:Macevalac helti: 70
INFO:root:Macevalac je napao zmaja sa Mac i skinuo mu 10 helta
INFO:root:Zmajevi helti: 40
INFO:root:Zmaj je napao macevaoca sa Udarac i skinuo mu 5 helta
INFO:root:Macevalac helti: 65
INFO:root:Zmaj je napao macevaoca sa Udarac i skinuo mu 5 helta
INFO:root:Macevalac helti: 60
INFO:root:Macevalac je napao zmaja sa Mac i skinuo mu 10 helta
INFO:root:Zmajevi helti: 30
INFO:root:Macevalac je napao zmaja sa Mac i skinuo mu 10 helta
INFO:root:Zmajevi helti: 20
INFO:root:Macevalac je napao zmaja sa Mac i skinuo mu 10 helta
INFO:root:Zmajevi helti: 10
INFO:root:Zmaj je napao macevaoca sa Udarac i skinuo mu 5 helta
INFO:root:Macevalac helti: 55
INFO:root:Zmaj je napao macevaoca sa Udarac i skinuo mu 5 helta
INFO:root:Macevalac helti: 50
INFO:root:Macevalac je napao zmaja sa Mac i skinuo mu 10 helta
INFO:root:Zmajevi helti: 0
INFO:root:Macevalac je pobedio.
INFO:root:Macevalac je napao zmaja sa Mac i skinuo mu 10 helta
INFO:root:Zmajevi helti: 90
INFO:root:Zmaj je napao macevaoca sa Vatra i skinuo mu 20 helta
INFO:root:Macevalac helti: 80
INFO:root:Zmaj je napao macevaoca sa Udarac i skinuo mu 5 helta
INFO:root:Macevalac helti: 75
INFO:root:Macevalac je napao zmaja sa Mac i skinuo mu 10 helta
INFO:root:Zmajevi helti: 80
INFO:root:Zmaj je napao macevaoca sa Udarac i skinuo mu 5 helta
INFO:root:Macevalac helti: 70
INFO:root:Zmaj je napao macevaoca sa Vatra i skinuo mu 20 helta
INFO:root:Macevalac helti: 50
INFO:root:Zmaj je napao macevaoca sa Udarac i skinuo mu 5 helta
INFO:root:Macevalac helti: 45
INFO:root:Zmaj je napao macevaoca sa Udarac i skinuo mu 5 helta
INFO:root:Macevalac helti: 40
INFO:root:Zmaj je napao macevaoca sa Udarac i skinuo mu 5 helta
INFO:root:Macevalac helti: 35
INFO:root:Zmaj je napao macevaoca sa Vatra i skinuo mu 20 helta
INFO:root:Macevalac helti: 15
INFO:root:Zmaj je napao macevaoca sa Udarac i skinuo mu 5 helta
INFO:root:Macevalac helti: 10
INFO:root:Zmaj je napao macevaoca sa Udarac i skinuo mu 5 helta
INFO:root:Macevalac helti: 5
INFO:root:Zmaj je napao macevaoca sa Vatra i skinuo mu 20 helta
INFO:root:Macevalac helti: -15
INFO:root:Zmaj je pobedio
